[3.724s] DEBUG:colcon:Command line arguments: ['/usr/bin/colcon', 'build']
[3.724s] DEBUG:colcon:Parsed command line arguments: Namespace(log_base=None, log_level=None, verb_name='build', build_base='build', install_base='install', merge_install=False, symlink_install=False, test_result_base=None, continue_on_error=False, executor='parallel', parallel_workers=4, event_handlers=None, ignore_user_meta=False, metas=['./colcon.meta'], base_paths=['.'], packages_ignore=None, packages_ignore_regex=None, paths=None, packages_up_to=None, packages_up_to_regex=None, packages_above=None, packages_above_and_dependencies=None, packages_above_depth=None, packages_select_by_dep=None, packages_skip_by_dep=None, packages_skip_up_to=None, packages_select_build_failed=False, packages_skip_build_finished=False, packages_select_test_failures=False, packages_skip_test_passed=False, packages_select=None, packages_skip=None, packages_select_regex=None, packages_skip_regex=None, packages_start=None, packages_end=None, allow_overriding=[], cmake_args=None, cmake_target=None, cmake_target_skip_unavailable=False, cmake_clean_cache=False, cmake_clean_first=False, cmake_force_configure=False, ament_cmake_args=None, catkin_cmake_args=None, catkin_skip_building_tests=False, verb_parser=<colcon_defaults.argument_parser.defaults.DefaultArgumentsDecorator object at 0x7f5ac6e9e0b0>, verb_extension=<colcon_core.verb.build.BuildVerb object at 0x7f5ac6e9f790>, main=<bound method BuildVerb.main of <colcon_core.verb.build.BuildVerb object at 0x7f5ac6e9f790>>)
[3.871s] Level 1:colcon.colcon_core.package_discovery:discover_packages(colcon_meta) check parameters
[3.871s] Level 1:colcon.colcon_core.package_discovery:discover_packages(recursive) check parameters
[3.872s] Level 1:colcon.colcon_core.package_discovery:discover_packages(ignore) check parameters
[3.872s] Level 1:colcon.colcon_core.package_discovery:discover_packages(path) check parameters
[3.872s] Level 1:colcon.colcon_core.package_discovery:discover_packages(colcon_meta) discover
[3.872s] Level 1:colcon.colcon_core.package_discovery:discover_packages(recursive) discover
[3.872s] INFO:colcon.colcon_core.package_discovery:Crawling recursively for packages in '/home/iam-aryang/deconfliction_ws'
[3.872s] Level 1:colcon.colcon_core.package_identification:_identify(.) by extensions ['ignore', 'ignore_ament_install']
[3.872s] Level 1:colcon.colcon_core.package_identification:_identify(.) by extension 'ignore'
[3.873s] Level 1:colcon.colcon_core.package_identification:_identify(.) by extension 'ignore_ament_install'
[3.873s] Level 1:colcon.colcon_core.package_identification:_identify(.) by extensions ['colcon_pkg']
[3.873s] Level 1:colcon.colcon_core.package_identification:_identify(.) by extension 'colcon_pkg'
[3.873s] Level 1:colcon.colcon_core.package_identification:_identify(.) by extensions ['colcon_meta']
[3.873s] Level 1:colcon.colcon_core.package_identification:_identify(.) by extension 'colcon_meta'
[3.873s] Level 1:colcon.colcon_core.package_identification:_identify(.) by extensions ['ros']
[3.873s] Level 1:colcon.colcon_core.package_identification:_identify(.) by extension 'ros'
[3.906s] Level 1:colcon.colcon_core.package_identification:_identify(.) by extensions ['cmake', 'python']
[3.906s] Level 1:colcon.colcon_core.package_identification:_identify(.) by extension 'cmake'
[3.907s] Level 1:colcon.colcon_core.package_identification:_identify(.) by extension 'python'
[3.907s] Level 1:colcon.colcon_core.package_identification:_identify(.) by extensions ['python_setup_py']
[3.907s] Level 1:colcon.colcon_core.package_identification:_identify(.) by extension 'python_setup_py'
[3.908s] Level 1:colcon.colcon_core.package_identification:_identify(build) by extensions ['ignore', 'ignore_ament_install']
[3.908s] Level 1:colcon.colcon_core.package_identification:_identify(build) by extension 'ignore'
[3.908s] Level 1:colcon.colcon_core.package_identification:_identify(build) ignored
[3.908s] Level 1:colcon.colcon_core.package_identification:_identify(install) by extensions ['ignore', 'ignore_ament_install']
[3.909s] Level 1:colcon.colcon_core.package_identification:_identify(install) by extension 'ignore'
[3.909s] Level 1:colcon.colcon_core.package_identification:_identify(install) ignored
[3.910s] Level 1:colcon.colcon_core.package_identification:_identify(log) by extensions ['ignore', 'ignore_ament_install']
[3.910s] Level 1:colcon.colcon_core.package_identification:_identify(log) by extension 'ignore'
[3.910s] Level 1:colcon.colcon_core.package_identification:_identify(log) ignored
[3.911s] Level 1:colcon.colcon_core.package_identification:_identify(src) by extensions ['ignore', 'ignore_ament_install']
[3.911s] Level 1:colcon.colcon_core.package_identification:_identify(src) by extension 'ignore'
[3.911s] Level 1:colcon.colcon_core.package_identification:_identify(src) by extension 'ignore_ament_install'
[3.911s] Level 1:colcon.colcon_core.package_identification:_identify(src) by extensions ['colcon_pkg']
[3.911s] Level 1:colcon.colcon_core.package_identification:_identify(src) by extension 'colcon_pkg'
[3.912s] Level 1:colcon.colcon_core.package_identification:_identify(src) by extensions ['colcon_meta']
[3.912s] Level 1:colcon.colcon_core.package_identification:_identify(src) by extension 'colcon_meta'
[3.912s] Level 1:colcon.colcon_core.package_identification:_identify(src) by extensions ['ros']
[3.912s] Level 1:colcon.colcon_core.package_identification:_identify(src) by extension 'ros'
[3.912s] Level 1:colcon.colcon_core.package_identification:_identify(src) by extensions ['cmake', 'python']
[3.912s] Level 1:colcon.colcon_core.package_identification:_identify(src) by extension 'cmake'
[3.912s] Level 1:colcon.colcon_core.package_identification:_identify(src) by extension 'python'
[3.913s] Level 1:colcon.colcon_core.package_identification:_identify(src) by extensions ['python_setup_py']
[3.913s] Level 1:colcon.colcon_core.package_identification:_identify(src) by extension 'python_setup_py'
[3.913s] Level 1:colcon.colcon_core.package_identification:_identify(src/build) by extensions ['ignore', 'ignore_ament_install']
[3.913s] Level 1:colcon.colcon_core.package_identification:_identify(src/build) by extension 'ignore'
[3.913s] Level 1:colcon.colcon_core.package_identification:_identify(src/build) ignored
[3.914s] Level 1:colcon.colcon_core.package_identification:_identify(src/deconfliction_sys) by extensions ['ignore', 'ignore_ament_install']
[3.914s] Level 1:colcon.colcon_core.package_identification:_identify(src/deconfliction_sys) by extension 'ignore'
[3.914s] Level 1:colcon.colcon_core.package_identification:_identify(src/deconfliction_sys) by extension 'ignore_ament_install'
[3.914s] Level 1:colcon.colcon_core.package_identification:_identify(src/deconfliction_sys) by extensions ['colcon_pkg']
[3.914s] Level 1:colcon.colcon_core.package_identification:_identify(src/deconfliction_sys) by extension 'colcon_pkg'
[3.914s] Level 1:colcon.colcon_core.package_identification:_identify(src/deconfliction_sys) by extensions ['colcon_meta']
[3.915s] Level 1:colcon.colcon_core.package_identification:_identify(src/deconfliction_sys) by extension 'colcon_meta'
[3.915s] Level 1:colcon.colcon_core.package_identification:_identify(src/deconfliction_sys) by extensions ['ros']
[3.915s] Level 1:colcon.colcon_core.package_identification:_identify(src/deconfliction_sys) by extension 'ros'
[3.922s] DEBUG:colcon.colcon_core.package_identification:Package 'src/deconfliction_sys' with type 'ros.ament_python' and name 'deconfliction_sys'
[3.922s] Level 1:colcon.colcon_core.package_identification:_identify(src/install) by extensions ['ignore', 'ignore_ament_install']
[3.923s] Level 1:colcon.colcon_core.package_identification:_identify(src/install) by extension 'ignore'
[3.923s] Level 1:colcon.colcon_core.package_identification:_identify(src/install) ignored
[3.923s] Level 1:colcon.colcon_core.package_identification:_identify(src/log) by extensions ['ignore', 'ignore_ament_install']
[3.923s] Level 1:colcon.colcon_core.package_identification:_identify(src/log) by extension 'ignore'
[3.924s] Level 1:colcon.colcon_core.package_identification:_identify(src/log) ignored
[3.924s] Level 1:colcon.colcon_core.package_discovery:discover_packages(recursive) using defaults
[3.924s] Level 1:colcon.colcon_core.package_discovery:discover_packages(ignore) discover
[3.924s] Level 1:colcon.colcon_core.package_discovery:discover_packages(ignore) using defaults
[3.924s] Level 1:colcon.colcon_core.package_discovery:discover_packages(path) discover
[3.924s] Level 1:colcon.colcon_core.package_discovery:discover_packages(path) using defaults
[4.202s] Level 1:colcon.colcon_core.package_discovery:discover_packages(prefix_path) check parameters
[4.202s] Level 1:colcon.colcon_core.package_discovery:discover_packages(prefix_path) discover
[4.291s] DEBUG:colcon.colcon_installed_package_information.package_discovery:Found 1 installed packages in /home/iam-aryang/deconfliction_ws/install
[4.337s] DEBUG:colcon.colcon_installed_package_information.package_discovery:Found 1 installed packages in /home/iam-aryang/ros2_tutorial/install
[4.402s] DEBUG:colcon.colcon_installed_package_information.package_discovery:Found 26 installed packages in /home/iam-aryang/ros2_ws/install
[4.452s] DEBUG:colcon.colcon_installed_package_information.package_discovery:Found 321 installed packages in /opt/ros/humble
[4.458s] Level 1:colcon.colcon_core.package_discovery:discover_packages(prefix_path) using defaults
[4.737s] Level 5:colcon.colcon_core.verb:set package 'deconfliction_sys' build argument 'cmake_args' from command line to 'None'
[4.737s] Level 5:colcon.colcon_core.verb:set package 'deconfliction_sys' build argument 'cmake_target' from command line to 'None'
[4.737s] Level 5:colcon.colcon_core.verb:set package 'deconfliction_sys' build argument 'cmake_target_skip_unavailable' from command line to 'False'
[4.737s] Level 5:colcon.colcon_core.verb:set package 'deconfliction_sys' build argument 'cmake_clean_cache' from command line to 'False'
[4.737s] Level 5:colcon.colcon_core.verb:set package 'deconfliction_sys' build argument 'cmake_clean_first' from command line to 'False'
[4.737s] Level 5:colcon.colcon_core.verb:set package 'deconfliction_sys' build argument 'cmake_force_configure' from command line to 'False'
[4.737s] Level 5:colcon.colcon_core.verb:set package 'deconfliction_sys' build argument 'ament_cmake_args' from command line to 'None'
[4.738s] Level 5:colcon.colcon_core.verb:set package 'deconfliction_sys' build argument 'catkin_cmake_args' from command line to 'None'
[4.738s] Level 5:colcon.colcon_core.verb:set package 'deconfliction_sys' build argument 'catkin_skip_building_tests' from command line to 'False'
[4.738s] DEBUG:colcon.colcon_core.verb:Building package 'deconfliction_sys' with the following arguments: {'ament_cmake_args': None, 'build_base': '/home/iam-aryang/deconfliction_ws/build/deconfliction_sys', 'catkin_cmake_args': None, 'catkin_skip_building_tests': False, 'cmake_args': None, 'cmake_clean_cache': False, 'cmake_clean_first': False, 'cmake_force_configure': False, 'cmake_target': None, 'cmake_target_skip_unavailable': False, 'install_base': '/home/iam-aryang/deconfliction_ws/install/deconfliction_sys', 'merge_install': False, 'path': '/home/iam-aryang/deconfliction_ws/src/deconfliction_sys', 'symlink_install': False, 'test_result_base': None}
[4.781s] INFO:colcon.colcon_core.executor:Executing jobs using 'parallel' executor
[4.824s] DEBUG:colcon.colcon_parallel_executor.executor.parallel:run_until_complete
[4.825s] INFO:colcon.colcon_ros.task.ament_python.build:Building ROS package in '/home/iam-aryang/deconfliction_ws/src/deconfliction_sys' with build type 'ament_python'
[4.825s] Level 1:colcon.colcon_core.shell:create_environment_hook('deconfliction_sys', 'ament_prefix_path')
[4.879s] INFO:colcon.colcon_core.plugin_system:Skipping extension 'colcon_core.shell.bat': Not used on non-Windows systems
[4.879s] INFO:colcon.colcon_core.shell:Creating environment hook '/home/iam-aryang/deconfliction_ws/install/deconfliction_sys/share/deconfliction_sys/hook/ament_prefix_path.ps1'
[4.881s] INFO:colcon.colcon_core.shell:Creating environment descriptor '/home/iam-aryang/deconfliction_ws/install/deconfliction_sys/share/deconfliction_sys/hook/ament_prefix_path.dsv'
[4.882s] INFO:colcon.colcon_core.shell:Creating environment hook '/home/iam-aryang/deconfliction_ws/install/deconfliction_sys/share/deconfliction_sys/hook/ament_prefix_path.sh'
[4.930s] INFO:colcon.colcon_core.shell:Skip shell extension 'powershell' for command environment: Not usable outside of PowerShell
[4.930s] DEBUG:colcon.colcon_core.shell:Skip shell extension 'dsv' for command environment
[6.219s] INFO:colcon.colcon_core.task.python.build:Building Python package in '/home/iam-aryang/deconfliction_ws/src/deconfliction_sys'
[6.286s] INFO:colcon.colcon_core.shell:Skip shell extension 'powershell' for command environment: Not usable outside of PowerShell
[6.286s] DEBUG:colcon.colcon_core.shell:Skip shell extension 'dsv' for command environment
[8.345s] DEBUG:colcon.colcon_core.event_handler.log_command:Invoking command in '/home/iam-aryang/deconfliction_ws/src/deconfliction_sys': PYTHONPATH=/home/iam-aryang/deconfliction_ws/build/deconfliction_sys/prefix_override:/home/iam-aryang/deconfliction_ws/install/deconfliction_sys/lib/python3.10/site-packages:${PYTHONPATH} /usr/bin/python3 setup.py egg_info --egg-base ../../build/deconfliction_sys build --build-base /home/iam-aryang/deconfliction_ws/build/deconfliction_sys/build install --record /home/iam-aryang/deconfliction_ws/build/deconfliction_sys/install.log --single-version-externally-managed
[9.783s] DEBUG:colcon.colcon_core.event_handler.log_command:Invoked command in '/home/iam-aryang/deconfliction_ws/src/deconfliction_sys' returned '0': PYTHONPATH=/home/iam-aryang/deconfliction_ws/build/deconfliction_sys/prefix_override:/home/iam-aryang/deconfliction_ws/install/deconfliction_sys/lib/python3.10/site-packages:${PYTHONPATH} /usr/bin/python3 setup.py egg_info --egg-base ../../build/deconfliction_sys build --build-base /home/iam-aryang/deconfliction_ws/build/deconfliction_sys/build install --record /home/iam-aryang/deconfliction_ws/build/deconfliction_sys/install.log --single-version-externally-managed
[9.866s] Level 1:colcon.colcon_core.environment:checking '/home/iam-aryang/deconfliction_ws/install/deconfliction_sys' for CMake module files
[9.867s] Level 1:colcon.colcon_core.environment:checking '/home/iam-aryang/deconfliction_ws/install/deconfliction_sys' for CMake config files
[9.872s] Level 1:colcon.colcon_core.environment:checking '/home/iam-aryang/deconfliction_ws/install/deconfliction_sys/lib'
[9.872s] Level 1:colcon.colcon_core.environment:checking '/home/iam-aryang/deconfliction_ws/install/deconfliction_sys/bin'
[9.873s] Level 1:colcon.colcon_core.environment:checking '/home/iam-aryang/deconfliction_ws/install/deconfliction_sys/lib/pkgconfig/deconfliction_sys.pc'
[9.874s] Level 1:colcon.colcon_core.environment:checking '/home/iam-aryang/deconfliction_ws/install/deconfliction_sys/lib/python3.10/site-packages'
[9.874s] Level 1:colcon.colcon_core.shell:create_environment_hook('deconfliction_sys', 'pythonpath')
[9.956s] INFO:colcon.colcon_core.shell:Creating environment hook '/home/iam-aryang/deconfliction_ws/install/deconfliction_sys/share/deconfliction_sys/hook/pythonpath.ps1'
[9.957s] INFO:colcon.colcon_core.shell:Creating environment descriptor '/home/iam-aryang/deconfliction_ws/install/deconfliction_sys/share/deconfliction_sys/hook/pythonpath.dsv'
[9.959s] INFO:colcon.colcon_core.shell:Creating environment hook '/home/iam-aryang/deconfliction_ws/install/deconfliction_sys/share/deconfliction_sys/hook/pythonpath.sh'
[9.961s] Level 1:colcon.colcon_core.environment:checking '/home/iam-aryang/deconfliction_ws/install/deconfliction_sys/bin'
[9.961s] Level 1:colcon.colcon_core.environment:create_environment_scripts_only(deconfliction_sys)
[10.030s] INFO:colcon.colcon_core.shell:Creating package script '/home/iam-aryang/deconfliction_ws/install/deconfliction_sys/share/deconfliction_sys/package.ps1'
[10.033s] INFO:colcon.colcon_core.shell:Creating package descriptor '/home/iam-aryang/deconfliction_ws/install/deconfliction_sys/share/deconfliction_sys/package.dsv'
[10.035s] INFO:colcon.colcon_core.shell:Creating package script '/home/iam-aryang/deconfliction_ws/install/deconfliction_sys/share/deconfliction_sys/package.sh'
[10.038s] INFO:colcon.colcon_core.shell:Creating package script '/home/iam-aryang/deconfliction_ws/install/deconfliction_sys/share/deconfliction_sys/package.bash'
[10.040s] INFO:colcon.colcon_core.shell:Creating package script '/home/iam-aryang/deconfliction_ws/install/deconfliction_sys/share/deconfliction_sys/package.zsh'
[10.042s] Level 1:colcon.colcon_core.environment:create_file_with_runtime_dependencies(/home/iam-aryang/deconfliction_ws/install/deconfliction_sys/share/colcon-core/packages/deconfliction_sys)
[10.043s] DEBUG:colcon.colcon_parallel_executor.executor.parallel:closing loop
[10.045s] DEBUG:colcon.colcon_parallel_executor.executor.parallel:loop closed
[10.045s] DEBUG:colcon.colcon_parallel_executor.executor.parallel:run_until_complete finished with '0'
[10.045s] DEBUG:colcon.colcon_core.event_reactor:joining thread
[10.174s] INFO:colcon.colcon_core.plugin_system:Skipping extension 'colcon_notification.desktop_notification.terminal_notifier': Not used on non-Darwin systems
[10.174s] INFO:colcon.colcon_core.plugin_system:Skipping extension 'colcon_notification.desktop_notification.win32': Not used on non-Windows systems
[10.175s] INFO:colcon.colcon_notification.desktop_notification:Sending desktop notification using 'notify2'
[10.283s] DEBUG:colcon.colcon_core.event_reactor:joined thread
[10.450s] INFO:colcon.colcon_core.shell:Creating prefix script '/home/iam-aryang/deconfliction_ws/install/local_setup.ps1'
[10.456s] INFO:colcon.colcon_core.shell:Creating prefix util module '/home/iam-aryang/deconfliction_ws/install/_local_setup_util_ps1.py'
[10.465s] INFO:colcon.colcon_core.shell:Creating prefix chain script '/home/iam-aryang/deconfliction_ws/install/setup.ps1'
[10.546s] INFO:colcon.colcon_core.shell:Creating prefix script '/home/iam-aryang/deconfliction_ws/install/local_setup.sh'
[10.548s] INFO:colcon.colcon_core.shell:Creating prefix util module '/home/iam-aryang/deconfliction_ws/install/_local_setup_util_sh.py'
[10.550s] INFO:colcon.colcon_core.shell:Creating prefix chain script '/home/iam-aryang/deconfliction_ws/install/setup.sh'
[10.625s] INFO:colcon.colcon_core.shell:Creating prefix script '/home/iam-aryang/deconfliction_ws/install/local_setup.bash'
[10.627s] INFO:colcon.colcon_core.shell:Creating prefix chain script '/home/iam-aryang/deconfliction_ws/install/setup.bash'
[10.697s] INFO:colcon.colcon_core.shell:Creating prefix script '/home/iam-aryang/deconfliction_ws/install/local_setup.zsh'
[10.699s] INFO:colcon.colcon_core.shell:Creating prefix chain script '/home/iam-aryang/deconfliction_ws/install/setup.zsh'
