[3.467s] DEBUG:colcon:Command line arguments: ['/usr/bin/colcon', 'build']
[3.467s] DEBUG:colcon:Parsed command line arguments: Namespace(log_base=None, log_level=None, verb_name='build', build_base='build', install_base='install', merge_install=False, symlink_install=False, test_result_base=None, continue_on_error=False, executor='parallel', parallel_workers=4, event_handlers=None, ignore_user_meta=False, metas=['./colcon.meta'], base_paths=['.'], packages_ignore=None, packages_ignore_regex=None, paths=None, packages_up_to=None, packages_up_to_regex=None, packages_above=None, packages_above_and_dependencies=None, packages_above_depth=None, packages_select_by_dep=None, packages_skip_by_dep=None, packages_skip_up_to=None, packages_select_build_failed=False, packages_skip_build_finished=False, packages_select_test_failures=False, packages_skip_test_passed=False, packages_select=None, packages_skip=None, packages_select_regex=None, packages_skip_regex=None, packages_start=None, packages_end=None, allow_overriding=[], cmake_args=None, cmake_target=None, cmake_target_skip_unavailable=False, cmake_clean_cache=False, cmake_clean_first=False, cmake_force_configure=False, ament_cmake_args=None, catkin_cmake_args=None, catkin_skip_building_tests=False, verb_parser=<colcon_defaults.argument_parser.defaults.DefaultArgumentsDecorator object at 0x7f8859ed4d60>, verb_extension=<colcon_core.verb.build.BuildVerb object at 0x7f8859ed70a0>, main=<bound method BuildVerb.main of <colcon_core.verb.build.BuildVerb object at 0x7f8859ed70a0>>)
[3.602s] Level 1:colcon.colcon_core.package_discovery:discover_packages(colcon_meta) check parameters
[3.603s] Level 1:colcon.colcon_core.package_discovery:discover_packages(recursive) check parameters
[3.603s] Level 1:colcon.colcon_core.package_discovery:discover_packages(ignore) check parameters
[3.603s] Level 1:colcon.colcon_core.package_discovery:discover_packages(path) check parameters
[3.603s] Level 1:colcon.colcon_core.package_discovery:discover_packages(colcon_meta) discover
[3.603s] Level 1:colcon.colcon_core.package_discovery:discover_packages(recursive) discover
[3.603s] INFO:colcon.colcon_core.package_discovery:Crawling recursively for packages in '/home/iam-aryang/deconfliction_ws'
[3.604s] Level 1:colcon.colcon_core.package_identification:_identify(.) by extensions ['ignore', 'ignore_ament_install']
[3.604s] Level 1:colcon.colcon_core.package_identification:_identify(.) by extension 'ignore'
[3.604s] Level 1:colcon.colcon_core.package_identification:_identify(.) by extension 'ignore_ament_install'
[3.604s] Level 1:colcon.colcon_core.package_identification:_identify(.) by extensions ['colcon_pkg']
[3.604s] Level 1:colcon.colcon_core.package_identification:_identify(.) by extension 'colcon_pkg'
[3.604s] Level 1:colcon.colcon_core.package_identification:_identify(.) by extensions ['colcon_meta']
[3.604s] Level 1:colcon.colcon_core.package_identification:_identify(.) by extension 'colcon_meta'
[3.605s] Level 1:colcon.colcon_core.package_identification:_identify(.) by extensions ['ros']
[3.605s] Level 1:colcon.colcon_core.package_identification:_identify(.) by extension 'ros'
[3.633s] Level 1:colcon.colcon_core.package_identification:_identify(.) by extensions ['cmake', 'python']
[3.633s] Level 1:colcon.colcon_core.package_identification:_identify(.) by extension 'cmake'
[3.634s] Level 1:colcon.colcon_core.package_identification:_identify(.) by extension 'python'
[3.634s] Level 1:colcon.colcon_core.package_identification:_identify(.) by extensions ['python_setup_py']
[3.634s] Level 1:colcon.colcon_core.package_identification:_identify(.) by extension 'python_setup_py'
[3.634s] Level 1:colcon.colcon_core.package_identification:_identify(build) by extensions ['ignore', 'ignore_ament_install']
[3.634s] Level 1:colcon.colcon_core.package_identification:_identify(build) by extension 'ignore'
[3.635s] Level 1:colcon.colcon_core.package_identification:_identify(build) ignored
[3.635s] Level 1:colcon.colcon_core.package_identification:_identify(install) by extensions ['ignore', 'ignore_ament_install']
[3.635s] Level 1:colcon.colcon_core.package_identification:_identify(install) by extension 'ignore'
[3.635s] Level 1:colcon.colcon_core.package_identification:_identify(install) ignored
[3.635s] Level 1:colcon.colcon_core.package_identification:_identify(log) by extensions ['ignore', 'ignore_ament_install']
[3.636s] Level 1:colcon.colcon_core.package_identification:_identify(log) by extension 'ignore'
[3.636s] Level 1:colcon.colcon_core.package_identification:_identify(log) ignored
[3.636s] Level 1:colcon.colcon_core.package_identification:_identify(src) by extensions ['ignore', 'ignore_ament_install']
[3.636s] Level 1:colcon.colcon_core.package_identification:_identify(src) by extension 'ignore'
[3.636s] Level 1:colcon.colcon_core.package_identification:_identify(src) by extension 'ignore_ament_install'
[3.637s] Level 1:colcon.colcon_core.package_identification:_identify(src) by extensions ['colcon_pkg']
[3.637s] Level 1:colcon.colcon_core.package_identification:_identify(src) by extension 'colcon_pkg'
[3.637s] Level 1:colcon.colcon_core.package_identification:_identify(src) by extensions ['colcon_meta']
[3.637s] Level 1:colcon.colcon_core.package_identification:_identify(src) by extension 'colcon_meta'
[3.637s] Level 1:colcon.colcon_core.package_identification:_identify(src) by extensions ['ros']
[3.637s] Level 1:colcon.colcon_core.package_identification:_identify(src) by extension 'ros'
[3.637s] Level 1:colcon.colcon_core.package_identification:_identify(src) by extensions ['cmake', 'python']
[3.637s] Level 1:colcon.colcon_core.package_identification:_identify(src) by extension 'cmake'
[3.637s] Level 1:colcon.colcon_core.package_identification:_identify(src) by extension 'python'
[3.638s] Level 1:colcon.colcon_core.package_identification:_identify(src) by extensions ['python_setup_py']
[3.638s] Level 1:colcon.colcon_core.package_identification:_identify(src) by extension 'python_setup_py'
[3.638s] Level 1:colcon.colcon_core.package_identification:_identify(src/deconfliction_sys) by extensions ['ignore', 'ignore_ament_install']
[3.638s] Level 1:colcon.colcon_core.package_identification:_identify(src/deconfliction_sys) by extension 'ignore'
[3.638s] Level 1:colcon.colcon_core.package_identification:_identify(src/deconfliction_sys) by extension 'ignore_ament_install'
[3.638s] Level 1:colcon.colcon_core.package_identification:_identify(src/deconfliction_sys) by extensions ['colcon_pkg']
[3.639s] Level 1:colcon.colcon_core.package_identification:_identify(src/deconfliction_sys) by extension 'colcon_pkg'
[3.639s] Level 1:colcon.colcon_core.package_identification:_identify(src/deconfliction_sys) by extensions ['colcon_meta']
[3.639s] Level 1:colcon.colcon_core.package_identification:_identify(src/deconfliction_sys) by extension 'colcon_meta'
[3.639s] Level 1:colcon.colcon_core.package_identification:_identify(src/deconfliction_sys) by extensions ['ros']
[3.639s] Level 1:colcon.colcon_core.package_identification:_identify(src/deconfliction_sys) by extension 'ros'
[3.645s] DEBUG:colcon.colcon_core.package_identification:Package 'src/deconfliction_sys' with type 'ros.ament_python' and name 'deconfliction_sys'
[3.645s] Level 1:colcon.colcon_core.package_discovery:discover_packages(recursive) using defaults
[3.645s] Level 1:colcon.colcon_core.package_discovery:discover_packages(ignore) discover
[3.645s] Level 1:colcon.colcon_core.package_discovery:discover_packages(ignore) using defaults
[3.646s] Level 1:colcon.colcon_core.package_discovery:discover_packages(path) discover
[3.646s] Level 1:colcon.colcon_core.package_discovery:discover_packages(path) using defaults
[3.906s] Level 1:colcon.colcon_core.package_discovery:discover_packages(prefix_path) check parameters
[3.906s] Level 1:colcon.colcon_core.package_discovery:discover_packages(prefix_path) discover
[3.997s] DEBUG:colcon.colcon_installed_package_information.package_discovery:Found 1 installed packages in /home/iam-aryang/ros2_tutorial/install
[4.039s] DEBUG:colcon.colcon_installed_package_information.package_discovery:Found 26 installed packages in /home/iam-aryang/ros2_ws/install
[4.103s] DEBUG:colcon.colcon_installed_package_information.package_discovery:Found 321 installed packages in /opt/ros/humble
[4.110s] Level 1:colcon.colcon_core.package_discovery:discover_packages(prefix_path) using defaults
[4.381s] Level 5:colcon.colcon_core.verb:set package 'deconfliction_sys' build argument 'cmake_args' from command line to 'None'
[4.381s] Level 5:colcon.colcon_core.verb:set package 'deconfliction_sys' build argument 'cmake_target' from command line to 'None'
[4.381s] Level 5:colcon.colcon_core.verb:set package 'deconfliction_sys' build argument 'cmake_target_skip_unavailable' from command line to 'False'
[4.381s] Level 5:colcon.colcon_core.verb:set package 'deconfliction_sys' build argument 'cmake_clean_cache' from command line to 'False'
[4.381s] Level 5:colcon.colcon_core.verb:set package 'deconfliction_sys' build argument 'cmake_clean_first' from command line to 'False'
[4.382s] Level 5:colcon.colcon_core.verb:set package 'deconfliction_sys' build argument 'cmake_force_configure' from command line to 'False'
[4.382s] Level 5:colcon.colcon_core.verb:set package 'deconfliction_sys' build argument 'ament_cmake_args' from command line to 'None'
[4.382s] Level 5:colcon.colcon_core.verb:set package 'deconfliction_sys' build argument 'catkin_cmake_args' from command line to 'None'
[4.382s] Level 5:colcon.colcon_core.verb:set package 'deconfliction_sys' build argument 'catkin_skip_building_tests' from command line to 'False'
[4.382s] DEBUG:colcon.colcon_core.verb:Building package 'deconfliction_sys' with the following arguments: {'ament_cmake_args': None, 'build_base': '/home/iam-aryang/deconfliction_ws/build/deconfliction_sys', 'catkin_cmake_args': None, 'catkin_skip_building_tests': False, 'cmake_args': None, 'cmake_clean_cache': False, 'cmake_clean_first': False, 'cmake_force_configure': False, 'cmake_target': None, 'cmake_target_skip_unavailable': False, 'install_base': '/home/iam-aryang/deconfliction_ws/install/deconfliction_sys', 'merge_install': False, 'path': '/home/iam-aryang/deconfliction_ws/src/deconfliction_sys', 'symlink_install': False, 'test_result_base': None}
[4.422s] INFO:colcon.colcon_core.executor:Executing jobs using 'parallel' executor
[4.463s] DEBUG:colcon.colcon_parallel_executor.executor.parallel:run_until_complete
[4.463s] INFO:colcon.colcon_ros.task.ament_python.build:Building ROS package in '/home/iam-aryang/deconfliction_ws/src/deconfliction_sys' with build type 'ament_python'
[4.464s] Level 1:colcon.colcon_core.shell:create_environment_hook('deconfliction_sys', 'ament_prefix_path')
[4.516s] INFO:colcon.colcon_core.plugin_system:Skipping extension 'colcon_core.shell.bat': Not used on non-Windows systems
[4.516s] INFO:colcon.colcon_core.shell:Creating environment hook '/home/iam-aryang/deconfliction_ws/install/deconfliction_sys/share/deconfliction_sys/hook/ament_prefix_path.ps1'
[4.526s] INFO:colcon.colcon_core.shell:Creating environment descriptor '/home/iam-aryang/deconfliction_ws/install/deconfliction_sys/share/deconfliction_sys/hook/ament_prefix_path.dsv'
[4.529s] INFO:colcon.colcon_core.shell:Creating environment hook '/home/iam-aryang/deconfliction_ws/install/deconfliction_sys/share/deconfliction_sys/hook/ament_prefix_path.sh'
[4.579s] INFO:colcon.colcon_core.shell:Skip shell extension 'powershell' for command environment: Not usable outside of PowerShell
[4.580s] DEBUG:colcon.colcon_core.shell:Skip shell extension 'dsv' for command environment
[5.691s] INFO:colcon.colcon_core.task.python.build:Building Python package in '/home/iam-aryang/deconfliction_ws/src/deconfliction_sys'
[5.754s] INFO:colcon.colcon_core.shell:Skip shell extension 'powershell' for command environment: Not usable outside of PowerShell
[5.754s] DEBUG:colcon.colcon_core.shell:Skip shell extension 'dsv' for command environment
[7.898s] DEBUG:colcon.colcon_core.event_handler.log_command:Invoking command in '/home/iam-aryang/deconfliction_ws/src/deconfliction_sys': PYTHONPATH=/home/iam-aryang/deconfliction_ws/build/deconfliction_sys/prefix_override:/home/iam-aryang/deconfliction_ws/install/deconfliction_sys/lib/python3.10/site-packages:${PYTHONPATH} /usr/bin/python3 setup.py egg_info --egg-base ../../build/deconfliction_sys build --build-base /home/iam-aryang/deconfliction_ws/build/deconfliction_sys/build install --record /home/iam-aryang/deconfliction_ws/build/deconfliction_sys/install.log --single-version-externally-managed
[9.295s] DEBUG:colcon.colcon_core.event_handler.log_command:Invoked command in '/home/iam-aryang/deconfliction_ws/src/deconfliction_sys' returned '0': PYTHONPATH=/home/iam-aryang/deconfliction_ws/build/deconfliction_sys/prefix_override:/home/iam-aryang/deconfliction_ws/install/deconfliction_sys/lib/python3.10/site-packages:${PYTHONPATH} /usr/bin/python3 setup.py egg_info --egg-base ../../build/deconfliction_sys build --build-base /home/iam-aryang/deconfliction_ws/build/deconfliction_sys/build install --record /home/iam-aryang/deconfliction_ws/build/deconfliction_sys/install.log --single-version-externally-managed
[9.386s] Level 1:colcon.colcon_core.environment:checking '/home/iam-aryang/deconfliction_ws/install/deconfliction_sys' for CMake module files
[9.387s] Level 1:colcon.colcon_core.environment:checking '/home/iam-aryang/deconfliction_ws/install/deconfliction_sys' for CMake config files
[9.389s] Level 1:colcon.colcon_core.environment:checking '/home/iam-aryang/deconfliction_ws/install/deconfliction_sys/lib'
[9.390s] Level 1:colcon.colcon_core.environment:checking '/home/iam-aryang/deconfliction_ws/install/deconfliction_sys/bin'
[9.390s] Level 1:colcon.colcon_core.environment:checking '/home/iam-aryang/deconfliction_ws/install/deconfliction_sys/lib/pkgconfig/deconfliction_sys.pc'
[9.391s] Level 1:colcon.colcon_core.environment:checking '/home/iam-aryang/deconfliction_ws/install/deconfliction_sys/lib/python3.10/site-packages'
[9.391s] Level 1:colcon.colcon_core.shell:create_environment_hook('deconfliction_sys', 'pythonpath')
[9.457s] INFO:colcon.colcon_core.shell:Creating environment hook '/home/iam-aryang/deconfliction_ws/install/deconfliction_sys/share/deconfliction_sys/hook/pythonpath.ps1'
[9.459s] INFO:colcon.colcon_core.shell:Creating environment descriptor '/home/iam-aryang/deconfliction_ws/install/deconfliction_sys/share/deconfliction_sys/hook/pythonpath.dsv'
[9.460s] INFO:colcon.colcon_core.shell:Creating environment hook '/home/iam-aryang/deconfliction_ws/install/deconfliction_sys/share/deconfliction_sys/hook/pythonpath.sh'
[9.461s] Level 1:colcon.colcon_core.environment:checking '/home/iam-aryang/deconfliction_ws/install/deconfliction_sys/bin'
[9.462s] Level 1:colcon.colcon_core.environment:create_environment_scripts_only(deconfliction_sys)
[9.530s] INFO:colcon.colcon_core.shell:Creating package script '/home/iam-aryang/deconfliction_ws/install/deconfliction_sys/share/deconfliction_sys/package.ps1'
[9.533s] INFO:colcon.colcon_core.shell:Creating package descriptor '/home/iam-aryang/deconfliction_ws/install/deconfliction_sys/share/deconfliction_sys/package.dsv'
[9.535s] INFO:colcon.colcon_core.shell:Creating package script '/home/iam-aryang/deconfliction_ws/install/deconfliction_sys/share/deconfliction_sys/package.sh'
[9.538s] INFO:colcon.colcon_core.shell:Creating package script '/home/iam-aryang/deconfliction_ws/install/deconfliction_sys/share/deconfliction_sys/package.bash'
[9.541s] INFO:colcon.colcon_core.shell:Creating package script '/home/iam-aryang/deconfliction_ws/install/deconfliction_sys/share/deconfliction_sys/package.zsh'
[9.543s] Level 1:colcon.colcon_core.environment:create_file_with_runtime_dependencies(/home/iam-aryang/deconfliction_ws/install/deconfliction_sys/share/colcon-core/packages/deconfliction_sys)
[9.545s] DEBUG:colcon.colcon_parallel_executor.executor.parallel:closing loop
[9.546s] DEBUG:colcon.colcon_parallel_executor.executor.parallel:loop closed
[9.546s] DEBUG:colcon.colcon_parallel_executor.executor.parallel:run_until_complete finished with '0'
[9.547s] DEBUG:colcon.colcon_core.event_reactor:joining thread
[9.638s] INFO:colcon.colcon_core.plugin_system:Skipping extension 'colcon_notification.desktop_notification.terminal_notifier': Not used on non-Darwin systems
[9.638s] INFO:colcon.colcon_core.plugin_system:Skipping extension 'colcon_notification.desktop_notification.win32': Not used on non-Windows systems
[9.639s] INFO:colcon.colcon_notification.desktop_notification:Sending desktop notification using 'notify2'
[9.704s] DEBUG:colcon.colcon_core.event_reactor:joined thread
[9.786s] INFO:colcon.colcon_core.shell:Creating prefix script '/home/iam-aryang/deconfliction_ws/install/local_setup.ps1'
[9.790s] INFO:colcon.colcon_core.shell:Creating prefix util module '/home/iam-aryang/deconfliction_ws/install/_local_setup_util_ps1.py'
[9.796s] INFO:colcon.colcon_core.shell:Creating prefix chain script '/home/iam-aryang/deconfliction_ws/install/setup.ps1'
[9.886s] INFO:colcon.colcon_core.shell:Creating prefix script '/home/iam-aryang/deconfliction_ws/install/local_setup.sh'
[9.889s] INFO:colcon.colcon_core.shell:Creating prefix util module '/home/iam-aryang/deconfliction_ws/install/_local_setup_util_sh.py'
[9.890s] INFO:colcon.colcon_core.shell:Creating prefix chain script '/home/iam-aryang/deconfliction_ws/install/setup.sh'
[9.976s] INFO:colcon.colcon_core.shell:Creating prefix script '/home/iam-aryang/deconfliction_ws/install/local_setup.bash'
[9.978s] INFO:colcon.colcon_core.shell:Creating prefix chain script '/home/iam-aryang/deconfliction_ws/install/setup.bash'
[10.052s] INFO:colcon.colcon_core.shell:Creating prefix script '/home/iam-aryang/deconfliction_ws/install/local_setup.zsh'
[10.054s] INFO:colcon.colcon_core.shell:Creating prefix chain script '/home/iam-aryang/deconfliction_ws/install/setup.zsh'
