[3.519s] Invoking command in '/home/iam-aryang/deconfliction_ws/src/deconfliction_sys': PYTHONPATH=/home/iam-aryang/deconfliction_ws/build/deconfliction_sys/prefix_override:/home/iam-aryang/deconfliction_ws/install/deconfliction_sys/lib/python3.10/site-packages:${PYTHONPATH} /usr/bin/python3 setup.py egg_info --egg-base ../../build/deconfliction_sys build --build-base /home/iam-aryang/deconfliction_ws/build/deconfliction_sys/build install --record /home/iam-aryang/deconfliction_ws/build/deconfliction_sys/install.log --single-version-externally-managed
[4.710s] running egg_info
[4.713s] writing ../../build/deconfliction_sys/deconfliction_sys.egg-info/PKG-INFO
[4.714s] writing dependency_links to ../../build/deconfliction_sys/deconfliction_sys.egg-info/dependency_links.txt
[4.715s] writing entry points to ../../build/deconfliction_sys/deconfliction_sys.egg-info/entry_points.txt
[4.716s] writing requirements to ../../build/deconfliction_sys/deconfliction_sys.egg-info/requires.txt
[4.716s] writing top-level names to ../../build/deconfliction_sys/deconfliction_sys.egg-info/top_level.txt
[4.723s] reading manifest file '../../build/deconfliction_sys/deconfliction_sys.egg-info/SOURCES.txt'
[4.728s] writing manifest file '../../build/deconfliction_sys/deconfliction_sys.egg-info/SOURCES.txt'
[4.729s] running build
[4.730s] running build_py
[4.731s] copying deconfliction_sys/two_d_decon_sys.py -> /home/iam-aryang/deconfliction_ws/build/deconfliction_sys/build/lib/deconfliction_sys
[4.731s] running install
[4.732s] running install_lib
[4.736s] copying /home/iam-aryang/deconfliction_ws/build/deconfliction_sys/build/lib/deconfliction_sys/two_d_decon_sys.py -> /home/iam-aryang/deconfliction_ws/install/deconfliction_sys/lib/python3.10/site-packages/deconfliction_sys
[4.739s] byte-compiling /home/iam-aryang/deconfliction_ws/install/deconfliction_sys/lib/python3.10/site-packages/deconfliction_sys/two_d_decon_sys.py to two_d_decon_sys.cpython-310.pyc
[4.744s] running install_data
[4.747s] copying package.xml -> /home/iam-aryang/deconfliction_ws/install/deconfliction_sys/share/deconfliction_sys
[4.748s] running install_egg_info
[4.755s] removing '/home/iam-aryang/deconfliction_ws/install/deconfliction_sys/lib/python3.10/site-packages/deconfliction_sys-0.0.0-py3.10.egg-info' (and everything under it)
[4.757s] Copying ../../build/deconfliction_sys/deconfliction_sys.egg-info to /home/iam-aryang/deconfliction_ws/install/deconfliction_sys/lib/python3.10/site-packages/deconfliction_sys-0.0.0-py3.10.egg-info
[4.762s] running install_scripts
[4.848s] Installing two_d_decon_sys script to /home/iam-aryang/deconfliction_ws/install/deconfliction_sys/lib/deconfliction_sys
[4.849s] writing list of installed files to '/home/iam-aryang/deconfliction_ws/build/deconfliction_sys/install.log'
[4.956s] Invoked command in '/home/iam-aryang/deconfliction_ws/src/deconfliction_sys' returned '0': PYTHONPATH=/home/iam-aryang/deconfliction_ws/build/deconfliction_sys/prefix_override:/home/iam-aryang/deconfliction_ws/install/deconfliction_sys/lib/python3.10/site-packages:${PYTHONPATH} /usr/bin/python3 setup.py egg_info --egg-base ../../build/deconfliction_sys build --build-base /home/iam-aryang/deconfliction_ws/build/deconfliction_sys/build install --record /home/iam-aryang/deconfliction_ws/build/deconfliction_sys/install.log --single-version-externally-managed
