[8.967s] DEBUG:colcon:Command line arguments: ['/usr/bin/colcon', 'list', '-p', '--base-paths', '/home/iam-aryang/deconfliction_ws']
[8.967s] DEBUG:colcon:Parsed command line arguments: Namespace(log_base=None, log_level=None, verb_name='list', build_base='build', ignore_user_meta=False, metas=['./colcon.meta'], base_paths=['/home/iam-aryang/deconfliction_ws'], packages_ignore=None, packages_ignore_regex=None, paths=None, packages_up_to=None, packages_up_to_regex=None, packages_above=None, packages_above_and_dependencies=None, packages_above_depth=None, packages_select_by_dep=None, packages_skip_by_dep=None, packages_skip_up_to=None, packages_select_build_failed=False, packages_skip_build_finished=False, packages_select_test_failures=False, packages_skip_test_passed=False, packages_select=None, packages_skip=None, packages_select_regex=None, packages_skip_regex=None, packages_start=None, packages_end=None, allow_overriding=[], topological_order=False, names_only=False, paths_only=True, topological_graph=False, topological_graph_dot=False, topological_graph_density=False, topological_graph_legend=False, topological_graph_dot_cluster=False, topological_graph_dot_include_skipped=False, verb_parser=<colcon_defaults.argument_parser.defaults.DefaultArgumentsDecorator object at 0x7fe8abfc02e0>, verb_extension=<colcon_package_information.verb.list.ListVerb object at 0x7fe8abfe1f30>, main=<bound method ListVerb.main of <colcon_package_information.verb.list.ListVerb object at 0x7fe8abfe1f30>>)
[9.543s] Level 1:colcon.colcon_core.package_discovery:discover_packages(colcon_meta) check parameters
[9.543s] Level 1:colcon.colcon_core.package_discovery:discover_packages(recursive) check parameters
[9.544s] Level 1:colcon.colcon_core.package_discovery:discover_packages(ignore) check parameters
[9.544s] Level 1:colcon.colcon_core.package_discovery:discover_packages(path) check parameters
[9.544s] Level 1:colcon.colcon_core.package_discovery:discover_packages(recursive) discover
[9.544s] INFO:colcon.colcon_core.package_discovery:Crawling recursively for packages in '/home/iam-aryang/deconfliction_ws'
[9.545s] Level 1:colcon.colcon_core.package_identification:_identify(/home/iam-aryang/deconfliction_ws) by extensions ['ignore', 'ignore_ament_install']
[9.546s] Level 1:colcon.colcon_core.package_identification:_identify(/home/iam-aryang/deconfliction_ws) by extension 'ignore'
[9.546s] Level 1:colcon.colcon_core.package_identification:_identify(/home/iam-aryang/deconfliction_ws) by extension 'ignore_ament_install'
[9.547s] Level 1:colcon.colcon_core.package_identification:_identify(/home/iam-aryang/deconfliction_ws) by extensions ['colcon_pkg']
[9.547s] Level 1:colcon.colcon_core.package_identification:_identify(/home/iam-aryang/deconfliction_ws) by extension 'colcon_pkg'
[9.547s] Level 1:colcon.colcon_core.package_identification:_identify(/home/iam-aryang/deconfliction_ws) by extensions ['colcon_meta']
[9.547s] Level 1:colcon.colcon_core.package_identification:_identify(/home/iam-aryang/deconfliction_ws) by extension 'colcon_meta'
[9.548s] Level 1:colcon.colcon_core.package_identification:_identify(/home/iam-aryang/deconfliction_ws) by extensions ['ros']
[9.548s] Level 1:colcon.colcon_core.package_identification:_identify(/home/iam-aryang/deconfliction_ws) by extension 'ros'
[9.615s] Level 1:colcon.colcon_core.package_identification:_identify(/home/iam-aryang/deconfliction_ws) by extensions ['cmake', 'python']
[9.615s] Level 1:colcon.colcon_core.package_identification:_identify(/home/iam-aryang/deconfliction_ws) by extension 'cmake'
[9.615s] Level 1:colcon.colcon_core.package_identification:_identify(/home/iam-aryang/deconfliction_ws) by extension 'python'
[9.616s] Level 1:colcon.colcon_core.package_identification:_identify(/home/iam-aryang/deconfliction_ws) by extensions ['python_setup_py']
[9.616s] Level 1:colcon.colcon_core.package_identification:_identify(/home/iam-aryang/deconfliction_ws) by extension 'python_setup_py'
[9.617s] Level 1:colcon.colcon_core.package_identification:_identify(/home/iam-aryang/deconfliction_ws/build) by extensions ['ignore', 'ignore_ament_install']
[9.617s] Level 1:colcon.colcon_core.package_identification:_identify(/home/iam-aryang/deconfliction_ws/build) by extension 'ignore'
[9.617s] Level 1:colcon.colcon_core.package_identification:_identify(/home/iam-aryang/deconfliction_ws/build) ignored
[9.618s] Level 1:colcon.colcon_core.package_identification:_identify(/home/iam-aryang/deconfliction_ws/install) by extensions ['ignore', 'ignore_ament_install']
[9.619s] Level 1:colcon.colcon_core.package_identification:_identify(/home/iam-aryang/deconfliction_ws/install) by extension 'ignore'
[9.619s] Level 1:colcon.colcon_core.package_identification:_identify(/home/iam-aryang/deconfliction_ws/install) ignored
[9.619s] Level 1:colcon.colcon_core.package_identification:_identify(/home/iam-aryang/deconfliction_ws/log) by extensions ['ignore', 'ignore_ament_install']
[9.620s] Level 1:colcon.colcon_core.package_identification:_identify(/home/iam-aryang/deconfliction_ws/log) by extension 'ignore'
[9.620s] Level 1:colcon.colcon_core.package_identification:_identify(/home/iam-aryang/deconfliction_ws/log) ignored
[9.621s] Level 1:colcon.colcon_core.package_identification:_identify(/home/iam-aryang/deconfliction_ws/src) by extensions ['ignore', 'ignore_ament_install']
[9.625s] Level 1:colcon.colcon_core.package_identification:_identify(/home/iam-aryang/deconfliction_ws/src) by extension 'ignore'
[9.625s] Level 1:colcon.colcon_core.package_identification:_identify(/home/iam-aryang/deconfliction_ws/src) by extension 'ignore_ament_install'
[9.625s] Level 1:colcon.colcon_core.package_identification:_identify(/home/iam-aryang/deconfliction_ws/src) by extensions ['colcon_pkg']
[9.626s] Level 1:colcon.colcon_core.package_identification:_identify(/home/iam-aryang/deconfliction_ws/src) by extension 'colcon_pkg'
[9.626s] Level 1:colcon.colcon_core.package_identification:_identify(/home/iam-aryang/deconfliction_ws/src) by extensions ['colcon_meta']
[9.626s] Level 1:colcon.colcon_core.package_identification:_identify(/home/iam-aryang/deconfliction_ws/src) by extension 'colcon_meta'
[9.627s] Level 1:colcon.colcon_core.package_identification:_identify(/home/iam-aryang/deconfliction_ws/src) by extensions ['ros']
[9.627s] Level 1:colcon.colcon_core.package_identification:_identify(/home/iam-aryang/deconfliction_ws/src) by extension 'ros'
[9.627s] Level 1:colcon.colcon_core.package_identification:_identify(/home/iam-aryang/deconfliction_ws/src) by extensions ['cmake', 'python']
[9.628s] Level 1:colcon.colcon_core.package_identification:_identify(/home/iam-aryang/deconfliction_ws/src) by extension 'cmake'
[9.628s] Level 1:colcon.colcon_core.package_identification:_identify(/home/iam-aryang/deconfliction_ws/src) by extension 'python'
[9.628s] Level 1:colcon.colcon_core.package_identification:_identify(/home/iam-aryang/deconfliction_ws/src) by extensions ['python_setup_py']
[9.628s] Level 1:colcon.colcon_core.package_identification:_identify(/home/iam-aryang/deconfliction_ws/src) by extension 'python_setup_py'
[9.629s] Level 1:colcon.colcon_core.package_identification:_identify(/home/iam-aryang/deconfliction_ws/src/deconfliction_sys) by extensions ['ignore', 'ignore_ament_install']
[9.630s] Level 1:colcon.colcon_core.package_identification:_identify(/home/iam-aryang/deconfliction_ws/src/deconfliction_sys) by extension 'ignore'
[9.631s] Level 1:colcon.colcon_core.package_identification:_identify(/home/iam-aryang/deconfliction_ws/src/deconfliction_sys) by extension 'ignore_ament_install'
[9.631s] Level 1:colcon.colcon_core.package_identification:_identify(/home/iam-aryang/deconfliction_ws/src/deconfliction_sys) by extensions ['colcon_pkg']
[9.631s] Level 1:colcon.colcon_core.package_identification:_identify(/home/iam-aryang/deconfliction_ws/src/deconfliction_sys) by extension 'colcon_pkg'
[9.632s] Level 1:colcon.colcon_core.package_identification:_identify(/home/iam-aryang/deconfliction_ws/src/deconfliction_sys) by extensions ['colcon_meta']
[9.632s] Level 1:colcon.colcon_core.package_identification:_identify(/home/iam-aryang/deconfliction_ws/src/deconfliction_sys) by extension 'colcon_meta'
[9.632s] Level 1:colcon.colcon_core.package_identification:_identify(/home/iam-aryang/deconfliction_ws/src/deconfliction_sys) by extensions ['ros']
[9.632s] Level 1:colcon.colcon_core.package_identification:_identify(/home/iam-aryang/deconfliction_ws/src/deconfliction_sys) by extension 'ros'
[9.650s] DEBUG:colcon.colcon_core.package_identification:Package '/home/iam-aryang/deconfliction_ws/src/deconfliction_sys' with type 'ros.ament_python' and name 'deconfliction_sys'
[9.651s] Level 1:colcon.colcon_core.package_discovery:discover_packages(recursive) using defaults
